<?xml version="1.0" encoding="UTF-8"?>
<coverage generated="1619623704670" clover="3.2.0">
  <project timestamp="1619623704670" name="All files">
    <metrics statements="90" coveredstatements="47" conditionals="44" coveredconditionals="19" methods="7" coveredmethods="3" elements="141" coveredelements="69" complexity="0" loc="90" ncloc="90" packages="1" files="1" classes="1"/>
    <file name="bezier.js" path="/Users/juan.vega/workspace/bezierjs/src/bezier.js">
      <metrics statements="90" coveredstatements="47" conditionals="44" coveredconditionals="19" methods="7" coveredmethods="3"/>
      <line num="18" count="1" type="cond" truecount="3" falsecount="1"/>
      <line num="19" count="1" type="stmt"/>
      <line num="21" count="1" type="cond" truecount="1" falsecount="1"/>
      <line num="22" count="0" type="stmt"/>
      <line num="23" count="0" type="stmt"/>
      <line num="24" count="0" type="stmt"/>
      <line num="25" count="0" type="stmt"/>
      <line num="26" count="0" type="cond" truecount="0" falsecount="2"/>
      <line num="27" count="0" type="stmt"/>
      <line num="31" count="0" type="stmt"/>
      <line num="34" count="1" type="stmt"/>
      <line num="35" count="1" type="stmt"/>
      <line num="37" count="1" type="cond" truecount="1" falsecount="1"/>
      <line num="38" count="0" type="cond" truecount="0" falsecount="2"/>
      <line num="39" count="0" type="cond" truecount="0" falsecount="2"/>
      <line num="40" count="0" type="stmt"/>
      <line num="44" count="0" type="stmt"/>
      <line num="47" count="1" type="cond" truecount="3" falsecount="3"/>
      <line num="48" count="0" type="cond" truecount="0" falsecount="2"/>
      <line num="49" count="0" type="stmt"/>
      <line num="57" count="1" type="stmt"/>
      <line num="58" count="1" type="stmt"/>
      <line num="59" count="4" type="stmt"/>
      <line num="63" count="4" type="stmt"/>
      <line num="65" count="1" type="stmt"/>
      <line num="70" count="1" type="cond" truecount="1" falsecount="1"/>
      <line num="71" count="1" type="cond" truecount="1" falsecount="1"/>
      <line num="72" count="0" type="stmt"/>
      <line num="74" count="1" type="stmt"/>
      <line num="77" count="1" type="stmt"/>
      <line num="78" count="1" type="stmt"/>
      <line num="79" count="229" type="stmt"/>
      <line num="80" count="229" type="stmt"/>
      <line num="81" count="229" type="stmt"/>
      <line num="82" count="229" type="stmt"/>
      <line num="84" count="1" type="stmt"/>
      <line num="88" count="1" type="stmt"/>
      <line num="91" count="1" type="stmt"/>
      <line num="149" count="0" type="stmt"/>
      <line num="150" count="0" type="stmt"/>
      <line num="151" count="0" type="cond" truecount="0" falsecount="2"/>
      <line num="152" count="0" type="stmt"/>
      <line num="154" count="0" type="stmt"/>
      <line num="159" count="229" type="cond" truecount="2" falsecount="0"/>
      <line num="160" count="1" type="stmt"/>
      <line num="161" count="1" type="stmt"/>
      <line num="164" count="228" type="stmt"/>
      <line num="166" count="228" type="cond" truecount="2" falsecount="0"/>
      <line num="167" count="1" type="stmt"/>
      <line num="168" count="1" type="stmt"/>
      <line num="171" count="227" type="stmt"/>
      <line num="172" count="227" type="stmt"/>
      <line num="175" count="227" type="cond" truecount="1" falsecount="1"/>
      <line num="176" count="0" type="stmt"/>
      <line num="177" count="0" type="stmt"/>
      <line num="181" count="227" type="cond" truecount="1" falsecount="1"/>
      <line num="182" count="0" type="stmt"/>
      <line num="188" count="0" type="stmt"/>
      <line num="192" count="227" type="cond" truecount="1" falsecount="1"/>
      <line num="193" count="227" type="stmt"/>
      <line num="194" count="227" type="stmt"/>
      <line num="198" count="227" type="stmt"/>
      <line num="199" count="227" type="cond" truecount="1" falsecount="1"/>
      <line num="200" count="0" type="stmt"/>
      <line num="201" count="0" type="stmt"/>
      <line num="202" count="0" type="stmt"/>
      <line num="203" count="0" type="stmt"/>
      <line num="204" count="227" type="cond" truecount="1" falsecount="1"/>
      <line num="205" count="227" type="stmt"/>
      <line num="206" count="227" type="stmt"/>
      <line num="207" count="227" type="stmt"/>
      <line num="208" count="227" type="stmt"/>
      <line num="210" count="227" type="stmt"/>
      <line num="215" count="227" type="stmt"/>
      <line num="219" count="0" type="stmt"/>
      <line num="220" count="0" type="stmt"/>
      <line num="221" count="0" type="stmt"/>
      <line num="222" count="0" type="stmt"/>
      <line num="226" count="0" type="cond" truecount="0" falsecount="2"/>
      <line num="227" count="0" type="stmt"/>
      <line num="230" count="0" type="stmt"/>
      <line num="232" count="0" type="stmt"/>
      <line num="233" count="0" type="stmt"/>
      <line num="237" count="0" type="stmt"/>
      <line num="238" count="0" type="stmt"/>
      <line num="240" count="0" type="stmt"/>
      <line num="242" count="0" type="stmt"/>
      <line num="243" count="0" type="stmt"/>
      <line num="244" count="0" type="stmt"/>
      <line num="246" count="0" type="stmt"/>
    </file>
  </project>
</coverage>
