TN:
SF:src/bezier.js
FN:16,(anonymous_0)
FN:24,(anonymous_1)
FN:25,(anonymous_2)
FN:69,(anonymous_3)
FN:148,(anonymous_4)
FN:157,(anonymous_5)
FN:236,(anonymous_6)
FNF:7
FNH:3
FNDA:1,(anonymous_0)
FNDA:0,(anonymous_1)
FNDA:0,(anonymous_2)
FNDA:1,(anonymous_3)
FNDA:0,(anonymous_4)
FNDA:229,(anonymous_5)
FNDA:0,(anonymous_6)
DA:18,1
DA:19,1
DA:21,1
DA:22,0
DA:23,0
DA:24,0
DA:25,0
DA:26,0
DA:27,0
DA:31,0
DA:34,1
DA:35,1
DA:37,1
DA:38,0
DA:39,0
DA:40,0
DA:44,0
DA:47,1
DA:48,0
DA:49,0
DA:57,1
DA:58,1
DA:59,4
DA:63,4
DA:65,1
DA:70,1
DA:71,1
DA:72,0
DA:74,1
DA:77,1
DA:78,1
DA:79,229
DA:80,229
DA:81,229
DA:82,229
DA:84,1
DA:88,1
DA:91,1
DA:149,0
DA:150,0
DA:151,0
DA:152,0
DA:154,0
DA:159,229
DA:160,1
DA:161,1
DA:164,228
DA:166,228
DA:167,1
DA:168,1
DA:171,227
DA:172,227
DA:175,227
DA:176,0
DA:177,0
DA:181,227
DA:182,0
DA:188,0
DA:192,227
DA:193,227
DA:194,227
DA:198,227
DA:199,227
DA:200,0
DA:201,0
DA:202,0
DA:203,0
DA:204,227
DA:205,227
DA:206,227
DA:207,227
DA:208,227
DA:210,227
DA:215,227
DA:219,0
DA:220,0
DA:221,0
DA:222,0
DA:226,0
DA:227,0
DA:230,0
DA:232,0
DA:233,0
DA:237,0
DA:238,0
DA:240,0
DA:242,0
DA:243,0
DA:244,0
DA:246,0
LF:90
LH:47
BRDA:18,0,0,0
BRDA:18,0,1,1
BRDA:18,1,0,1
BRDA:18,1,1,1
BRDA:21,2,0,0
BRDA:21,2,1,1
BRDA:26,3,0,0
BRDA:26,3,1,0
BRDA:37,4,0,0
BRDA:37,4,1,1
BRDA:38,5,0,0
BRDA:38,5,1,0
BRDA:39,6,0,0
BRDA:39,6,1,0
BRDA:47,7,0,0
BRDA:47,7,1,1
BRDA:47,8,0,1
BRDA:47,8,1,1
BRDA:47,8,2,0
BRDA:47,8,3,0
BRDA:48,9,0,0
BRDA:48,9,1,0
BRDA:70,10,0,1
BRDA:70,10,1,0
BRDA:71,11,0,0
BRDA:71,11,1,1
BRDA:151,12,0,0
BRDA:151,12,1,0
BRDA:159,13,0,1
BRDA:159,13,1,228
BRDA:166,14,0,1
BRDA:166,14,1,227
BRDA:175,15,0,0
BRDA:175,15,1,227
BRDA:181,16,0,0
BRDA:181,16,1,227
BRDA:192,17,0,227
BRDA:192,17,1,0
BRDA:199,18,0,0
BRDA:199,18,1,227
BRDA:204,19,0,227
BRDA:204,19,1,0
BRDA:226,20,0,0
BRDA:226,20,1,0
BRF:44
BRH:19
end_of_record
